2026-01-01 00:24:00,696 - INFO - Scraping page 1: https://birja-in.az/elanlar/ev-alqi-satqisi/num1.html
2026-01-01 00:24:01,771 - INFO - Found 21 listings on page 1
2026-01-01 00:24:01,771 - INFO - Scraping listing 249865: Satılır Həyət evi Mərdəkanda 2 mərtəbəli 6otaq 6 sotda
2026-01-01 00:24:01,772 - INFO - Scraping listing 259277: Satılır yeni tikili 119000m
2026-01-01 00:24:01,772 - INFO - Scraping listing 259612: 28mayda  20kv obyekt icaresi
2026-01-01 00:24:01,773 - INFO - Scraping listing 259609: 73 kv 2otaq yenı bına evı
2026-01-01 00:24:01,773 - INFO - Scraping listing 259600: Satılır 3 otaqlı yeni tikili 111 m², Həzi Aslanov m.
2026-01-01 00:24:01,774 - INFO - Scraping listing 252167: Masazırda 1 otaqlı yeni tikili mənzil sahəsi 42 kv.m
2026-01-01 00:24:01,774 - INFO - Scraping listing 243670: 2 otaqlı təmirsiz mənzil sahəsi 73 kvadratmetr
2026-01-01 00:24:01,774 - INFO - Scraping listing 252033: Masazırda yeni tikili 2 otaqlı 50 kvadratmetr
2026-01-01 00:24:01,775 - INFO - Scraping listing 243672: 3 otaqlı mənzil təmirsiz sahəsi 122 kvadratmetr
2026-01-01 00:24:01,775 - INFO - Scraping listing 259593: Satılır 3 otaqlı köhnə tikili 55 m², Həzi Aslanov m.
2026-01-01 00:24:01,775 - INFO - Scraping listing 259590: Satılır 4 otaqlı yeni tikili 129 m², 8 Noyabr m.
2026-01-01 00:24:01,776 - INFO - Scraping listing 259589: 4 otaqlı təmirli həyət evi satılır Maştağa
2026-01-01 00:24:01,776 - INFO - Scraping listing 259586: Otaqlar icarəyə verilir
2026-01-01 00:24:01,777 - INFO - Scraping listing 259583: Satılır 4 otaqlı bağ evi 220 m², Buzovna q.
2026-01-01 00:24:01,777 - INFO - Scraping listing 259575: 2 Otaq Studio Mənzil 16/13 mərtəbəsində Təzə Təmirli, Xırdalan
2026-01-01 00:24:01,777 - INFO - Scraping listing 259574: Yasamal rayonu alatava1 də 2 otaqli ev kiraye verilir
2026-01-01 00:24:01,778 - INFO - Scraping listing 259572: Badamdar qesebesi 3 cu masdivde kiraye 2 otağlı ev
2026-01-01 00:24:01,778 - INFO - Scraping listing 259570: 5 otaqlı 180 m² həyət evi Buzovna
2026-01-01 00:24:01,778 - INFO - Scraping listing 259568: Ayna sultanovda 80kv obyekt icaresi
2026-01-01 00:24:01,779 - INFO - Scraping listing 259566: Yeni Yasamal Main kompleksi 3 otaqlı mənzil satılır
2026-01-01 00:24:01,779 - INFO - Scraping listing 259565: Satılır 4 otaqlı yeni tikili 285 m², İçəri Şəhər m.
2026-01-01 00:24:02,071 - INFO - Saved listing 249865 to CSV
2026-01-01 00:24:02,227 - INFO - Saved listing 259277 to CSV
2026-01-01 00:24:02,304 - INFO - Saved listing 259612 to CSV
2026-01-01 00:24:02,493 - INFO - Saved listing 259600 to CSV
2026-01-01 00:24:02,584 - INFO - Saved listing 259609 to CSV
2026-01-01 00:24:02,719 - INFO - Saved listing 252167 to CSV
2026-01-01 00:24:02,842 - INFO - Saved listing 243670 to CSV
2026-01-01 00:24:02,968 - INFO - Saved listing 252033 to CSV
2026-01-01 00:24:03,104 - INFO - Saved listing 243672 to CSV
2026-01-01 00:24:03,219 - INFO - Saved listing 259593 to CSV
2026-01-01 00:24:03,364 - INFO - Saved listing 259590 to CSV
2026-01-01 00:24:03,500 - INFO - Saved listing 259589 to CSV
2026-01-01 00:24:03,538 - INFO - Saved listing 259586 to CSV
2026-01-01 00:24:03,652 - INFO - Saved listing 259583 to CSV
2026-01-01 00:24:03,687 - INFO - Saved listing 259575 to CSV
2026-01-01 00:24:03,705 - INFO - Saved listing 259574 to CSV
2026-01-01 00:24:03,759 - INFO - Saved listing 259572 to CSV
2026-01-01 00:24:03,896 - INFO - Saved listing 259570 to CSV
2026-01-01 00:24:03,939 - INFO - Saved listing 259568 to CSV
2026-01-01 00:24:04,055 - INFO - Saved listing 259566 to CSV
2026-01-01 00:24:04,182 - INFO - Saved listing 259565 to CSV
2026-01-01 00:24:05,183 - INFO - Scraping page 2: https://birja-in.az/elanlar/ev-alqi-satqisi/num2.html
2026-01-01 00:24:06,006 - INFO - Found 21 listings on page 2
2026-01-01 00:24:06,007 - INFO - Scraping listing 259555: Satılır 3 otaqlı yeni tikili 145 m², Elmlər Akademiyası m.
2026-01-01 00:24:06,007 - INFO - Scraping listing 259552: Satılır 4 otaqlı yeni tikili 130 m², İnşaatçılar m.
2026-01-01 00:24:06,008 - INFO - Scraping listing 259548: Masazırda yeni tikili 3 otaqlı həyət evi satılır
2026-01-01 00:24:06,009 - INFO - Scraping listing 259546: Rahatligin mekani Gold mtk 3 otaqli
2026-01-01 00:24:06,009 - INFO - Scraping listing 259542: Yeni Yasamalda yeni tikili 4 otaqlı mənzil satılır
2026-01-01 00:24:06,009 - INFO - Scraping listing 259540: 2 Otaqlı bina evi
2026-01-01 00:24:06,010 - INFO - Scraping listing 259530: Satılır 3 otaqlı yeni tikili 95 m², Elmlər Akademiyası m.
2026-01-01 00:24:06,010 - INFO - Scraping listing 259529: Biləcəridə 2.5 sotda 4 otaqlı həyət evi
2026-01-01 00:24:06,011 - INFO - Scraping listing 259528: Biləcəridə Kupçalı 2 mərtəbə 6 otaqlı villa
2026-01-01 00:24:06,011 - INFO - Scraping listing 259527: Biləcəridə 4 otaqlı həyət evi satılır
2026-01-01 00:24:06,011 - INFO - Scraping listing 259526: Greenville Residencedə 2 otaqlı mənzil satılır
2026-01-01 00:24:06,012 - INFO - Scraping listing 259525: Xırdalanda yeni tikili 2 otaqlı mənzil satılır
2026-01-01 00:24:06,012 - INFO - Scraping listing 259523: Torpaq sahesi 12 sot satilir Sabirabad
2026-01-01 00:24:06,012 - INFO - Scraping listing 259519: Satılır 3 otaqlı köhnə tikili 65 m², Elmlər Akademiyası m.
2026-01-01 00:24:06,013 - INFO - Scraping listing 259517: Satılır 4 otaqlı yeni tikili 155 m², Gənclik m.
2026-01-01 00:24:06,013 - INFO - Scraping listing 259512: Satılır 3 otaqlı köhnə tikili 75 m², Həzi Aslanov m.
2026-01-01 00:24:06,014 - INFO - Scraping listing 259509: Biləcəridə Kupçalı 2 mərətbə 6 otaqlı villa
2026-01-01 00:24:06,014 - INFO - Scraping listing 259500: Satılır 2 otaqlı köhnə tikili 55 m², Nəsimi r.
2026-01-01 00:24:06,014 - INFO - Scraping listing 259493: Nardaran bağlarında  24 sot torpaq sahəsi  satışı
2026-01-01 00:24:06,015 - INFO - Scraping listing 259492: Kirayə verilir 4 otaqlı yeni tikili 232 m², 8 Noyabr m.
2026-01-01 00:24:06,015 - INFO - Scraping listing 259483: 5 otaqlı ev 143 m² Savalan
2026-01-01 00:24:06,267 - INFO - Saved listing 259555 to CSV
2026-01-01 00:24:06,359 - INFO - Saved listing 259548 to CSV
2026-01-01 00:24:06,496 - INFO - Saved listing 259552 to CSV
2026-01-01 00:24:06,589 - INFO - Saved listing 259542 to CSV
2026-01-01 00:24:06,612 - INFO - Saved listing 259546 to CSV
2026-01-01 00:24:06,651 - INFO - Saved listing 259540 to CSV
2026-01-01 00:24:06,777 - INFO - Saved listing 259530 to CSV
2026-01-01 00:24:06,811 - INFO - Saved listing 259529 to CSV
2026-01-01 00:24:06,866 - INFO - Saved listing 259528 to CSV
2026-01-01 00:24:06,906 - INFO - Saved listing 259527 to CSV
2026-01-01 00:24:07,027 - INFO - Saved listing 259526 to CSV
2026-01-01 00:24:07,149 - INFO - Saved listing 259525 to CSV
2026-01-01 00:24:07,179 - INFO - Saved listing 259523 to CSV
2026-01-01 00:24:07,296 - INFO - Saved listing 259519 to CSV
2026-01-01 00:24:07,427 - INFO - Saved listing 259517 to CSV
2026-01-01 00:24:07,592 - INFO - Saved listing 259512 to CSV
2026-01-01 00:24:07,609 - INFO - Saved listing 259509 to CSV
2026-01-01 00:24:07,729 - INFO - Saved listing 259500 to CSV
2026-01-01 00:24:07,822 - INFO - Saved listing 259493 to CSV
2026-01-01 00:24:07,893 - INFO - Saved listing 259492 to CSV
2026-01-01 00:24:08,001 - INFO - Saved listing 259483 to CSV
2026-01-01 00:24:09,004 - INFO - Scraping completed. Total scraped: 42
2026-01-01 00:24:09,005 - INFO - Failed URLs: 0
